 
Ansys Electronics Desktop Version 2024.2.0, Build: 2024-05-23 02:23:50
Location: C:\Program Files\AnsysEM\v242\Win64\ansysedt.exe
Non Graphical Mode: No Project??
Starting Batch Run: 3:39:45 PM  Jun 30, 2025
Running as user : DESKTOP-L5CB36B\5600X2
Temp directory: C:\Users\5600X2\AppData\Local\Temp
Project directory: C:\Users\5600X2\Documents\Ansoft
-- Message Window --
      *Global - Messages
        [info] GRPC server running on port: 55028. 
        [error] Script macro error: Loading project failed: tmp.
        [info] Project tmp has been created.
        [info] Added design 'AIPDDesign' of type Maxwell 3D.
        [info] Aedt Objects correctly read
        [info] Modeler class has been initialized! Elapsed time: 0m 0sec
        [info] Project tmp Saved correctly
        [info] Project AIPDProject Saved correctly
-- Message Window --
Stopping Batch Run: 3:40:51 PM  Jun 30, 2025
 
Ansys Electronics Desktop Version 2024.2.0, Build: 2024-05-23 02:23:50
Location: C:\Program Files\AnsysEM\v242\Win64\ansysedt.exe
Non Graphical Mode: No Project??
Starting Batch Run: 3:41:04 PM  Jun 30, 2025
Running as user : DESKTOP-L5CB36B\5600X2
Temp directory: C:\Users\5600X2\AppData\Local\Temp
Project directory: C:\Users\5600X2\Documents\Ansoft
-- Message Window --
      *Global - Messages
        [info] GRPC server running on port: 55090. 
        [error] Script macro error: Loading project failed: tmp.
        [info] Project tmp has been created.
        [info] Added design 'AIPDDesign' of type Maxwell 3D.
        [info] Aedt Objects correctly read
        [info] Modeler class has been initialized! Elapsed time: 0m 0sec
        [info] Project tmp Saved correctly
        [info] Project AIPDProject Saved correctly
-- Message Window --
Stopping Batch Run: 3:41:46 PM  Jun 30, 2025
 
Ansys Electronics Desktop Version 2024.2.0, Build: 2024-05-23 02:23:50
Location: C:\Program Files\AnsysEM\v242\Win64\ansysedt.exe
Non Graphical Mode: No Project??
Starting Batch Run: 1:02:13 PM  Jul 01, 2025
Running as user : DESKTOP-L5CB36B\5600X2
Temp directory: C:\Users\5600X2\AppData\Local\Temp
Project directory: C:\Users\5600X2\Documents\Ansoft
-- Message Window --
      *Global - Messages
        [info] GRPC server running on port: 64833. 
        [info] Project tmp has been created.
        [info] Added design 'PeetsFEAdev_Design' of type Maxwell 3D.
        [info] Aedt Objects correctly read
        [info] Modeler class has been initialized! Elapsed time: 0m 0sec
        [info] Project tmp Saved correctly
        [info] Project PeetsFEAdev_Project Saved correctly
        [info] Materials class has been initialized! Elapsed time: 0m 0sec
-- Message Window --
Stopping Batch Run: 1:03:09 PM  Jul 01, 2025
 
Ansys Electronics Desktop Version 2024.2.0, Build: 2024-05-23 02:23:50
Location: C:\Program Files\AnsysEM\v242\Win64\ansysedt.exe
Non Graphical Mode: No Project??
Starting Batch Run: 1:03:52 PM  Jul 01, 2025
Running as user : DESKTOP-L5CB36B\5600X2
Temp directory: C:\Users\5600X2\AppData\Local\Temp
Project directory: C:\Users\5600X2\Documents\Ansoft
-- Message Window --
      *Global - Messages
        [info] GRPC server running on port: 64895. 
        [info] Project tmp has been created.
        [info] Added design 'PeetsFEAdev_Design' of type Maxwell 3D.
        [info] Aedt Objects correctly read
        [info] Modeler class has been initialized! Elapsed time: 0m 0sec
        [info] Project tmp Saved correctly
        [info] Project PeetsFEAdev_Project Saved correctly
        [info] Materials class has been initialized! Elapsed time: 0m 0sec
-- Message Window --
Stopping Batch Run: 1:04:29 PM  Jul 01, 2025
 
Ansys Electronics Desktop Version 2024.2.0, Build: 2024-05-23 02:10:25
Location: /home/harry/opt/AnsysEM/v242/Linux64/ansysedt.exe
Non Graphical Mode: No Project??
Starting Batch Run: 8:26:51 PM  Aug 04, 2025
Temp directory: /tmp
Project directory: /home/harry/Ansoft
[info] GRPC server running on port: 48681.

 
Ansys Electronics Desktop Version 2024.2.0, Build: 2024-05-23 02:10:25
Location: /home/harry/opt/AnsysEM/v242/Linux64/ansysedt.exe
Non Graphical Mode: No Project??
Starting Batch Run: 8:27:29 PM  Aug 04, 2025
Temp directory: /tmp
Project directory: /home/harry/Ansoft
[info] GRPC server running on port: 43863.

 
Ansys Electronics Desktop Version 2024.2.0, Build: 2024-05-23 02:10:25
Location: /home/harry/opt/AnsysEM/v242/Linux64/ansysedt.exe
Non Graphical Mode: No Project??
Starting Batch Run: 8:28:34 PM  Aug 04, 2025
Temp directory: /tmp
Project directory: /home/harry/Ansoft
[info] GRPC server running on port: 34437.

 
Ansys Electronics Desktop Version 2024.2.0, Build: 2024-05-23 02:10:25
Location: /home/harry/opt/AnsysEM/v242/Linux64/ansysedt.exe
Non Graphical Mode: No Project??
Starting Batch Run: 8:29:29 PM  Aug 04, 2025
Temp directory: /tmp
Project directory: /home/harry/Ansoft
[info] GRPC server running on port: 36429.

[info] Project:script0, Design:script0_0 (EddyCurrent), Coordinate system '' does not exist. The rotation axis of the harmonic force setup is set to positive Global::Z (08:29:56 PM  Aug 04, 2025)
Stopping Batch Run: 8:30:02 PM  Aug 04, 2025
 
Ansys Electronics Desktop Version 2024.2.0, Build: 2024-05-23 02:10:25
Location: /home/harry/opt/AnsysEM/v242/Linux64/ansysedt.exe
Non Graphical Mode: No Project??
Starting Batch Run: 8:30:56 PM  Aug 04, 2025
Temp directory: /tmp
Project directory: /home/harry/Ansoft
[info] GRPC server running on port: 38641.

