 
Ansys Electronics Desktop Version 2024.2.0, Build: 2024-05-23 02:23:50
Location: C:\Program Files\AnsysEM\v242\Win64\ansysedt.exe
Non Graphical Mode: No Project??
Starting Batch Run: 4:35:42 PM  Jun 30, 2025
Running as user : DESKTOP-L5CB36B\5600X2
Temp directory: C:\Users\5600X2\AppData\Local\Temp
Project directory: C:\Users\5600X2\Documents\Ansoft
 
Ansys Electronics Desktop Version 2024.2.0, Build: 2024-05-23 02:23:50
Location: C:\Program Files\AnsysEM\v242\Win64\ansysedt.exe
Non Graphical Mode: No Project??
Starting Batch Run: 4:40:44 PM  Jun 30, 2025
Running as user : DESKTOP-L5CB36B\5600X2
Temp directory: C:\Users\5600X2\AppData\Local\Temp
Project directory: C:\Users\5600X2\Documents\Ansoft
-- Message Window --
      *Global - Messages
        [info] GRPC server running on port: 55951. 
        [error] Script macro error: Loading project failed: tmp.
        [info] Project tmp has been created.
        [info] Added design 'AIPDDesign' of type Maxwell 3D.
        [info] Aedt Objects correctly read
        [info] Modeler class has been initialized! Elapsed time: 0m 0sec
        [info] Project tmp Saved correctly
        [info] Project AIPDProject Saved correctly
        [info] Project tmp has been created.
        [info] Added design 'AIPDDesign' of type Maxwell 3D.
        [info] Aedt Objects correctly read
        [info] Modeler class has been initialized! Elapsed time: 0m 0sec
        [info] Project tmp Saved correctly
        [info] Project AIPDProject Saved correctly
-- Message Window --
Stopping Batch Run: 4:41:41 PM  Jun 30, 2025
 
Ansys Electronics Desktop Version 2024.2.0, Build: 2024-05-23 02:23:50
Location: C:\Program Files\AnsysEM\v242\Win64\ansysedt.exe
Non Graphical Mode: No Project??
Starting Batch Run: 4:44:30 PM  Jun 30, 2025
Running as user : DESKTOP-L5CB36B\5600X2
Temp directory: C:\Users\5600X2\AppData\Local\Temp
Project directory: C:\Users\5600X2\Documents\Ansoft
-- Message Window --
      *Global - Messages
        [info] GRPC server running on port: 56031. 
        [info] Project tmp has been created.
        [info] Added design 'AIPDDesign' of type Maxwell 3D.
        [info] Aedt Objects correctly read
        [info] Modeler class has been initialized! Elapsed time: 0m 0sec
        [info] Project tmp Saved correctly
        [info] Project AIPDProject Saved correctly
-- Message Window --
Stopping Batch Run: 4:45:06 PM  Jun 30, 2025
 
Ansys Electronics Desktop Version 2024.2.0, Build: 2024-05-23 02:23:50
Location: C:\Program Files\AnsysEM\v242\Win64\ansysedt.exe
Non Graphical Mode: No Project??
Starting Batch Run: 4:45:11 PM  Jun 30, 2025
Running as user : DESKTOP-L5CB36B\5600X2
Temp directory: C:\Users\5600X2\AppData\Local\Temp
Project directory: C:\Users\5600X2\Documents\Ansoft
-- Message Window --
      *Global - Messages
        [info] GRPC server running on port: 56079. 
        [info] Project tmp has been created.
        [info] Added design 'AIPDDesign' of type Maxwell 3D.
        [info] Aedt Objects correctly read
        [info] Modeler class has been initialized! Elapsed time: 0m 0sec
        [info] Project tmp Saved correctly
        [info] Project AIPDProject Saved correctly
-- Message Window --
Stopping Batch Run: 4:45:47 PM  Jun 30, 2025
 
Ansys Electronics Desktop Version 2024.2.0, Build: 2024-05-23 02:23:50
Location: C:\Program Files\AnsysEM\v242\Win64\ansysedt.exe
Non Graphical Mode: No Project??
Starting Batch Run: 4:46:07 PM  Jun 30, 2025
Running as user : DESKTOP-L5CB36B\5600X2
Temp directory: C:\Users\5600X2\AppData\Local\Temp
Project directory: C:\Users\5600X2\Documents\Ansoft
-- Message Window --
      *Global - Messages
        [info] Project tmp has been created.
        [info] Added design 'AIPDDesign' of type Maxwell 3D.
        [info] Aedt Objects correctly read
        [info] Modeler class has been initialized! Elapsed time: 0m 0sec
        [info] Project tmp Saved correctly
        [info] Project AIPDProject Saved correctly
        [info] Project tmp has been created.
        [info] Added design 'AIPDDesign' of type Maxwell 3D.
        [info] Aedt Objects correctly read
        [info] Modeler class has been initialized! Elapsed time: 0m 0sec
        [info] Project tmp Saved correctly
        [info] Project AIPDProject Saved correctly
        [info] Project tmp has been created.
        [info] Added design 'AIPDDesign' of type Maxwell 3D.
        [info] Aedt Objects correctly read
        [info] Modeler class has been initialized! Elapsed time: 0m 0sec
        [info] Project tmp Saved correctly
        [info] Project AIPDProject Saved correctly
        [info] Project tmp has been created.
        [info] Added design 'AIPDDesign' of type Maxwell 3D.
        [info] Aedt Objects correctly read
        [info] Modeler class has been initialized! Elapsed time: 0m 0sec
        [info] Project tmp Saved correctly
        [info] Project AIPDProject Saved correctly
        [info] Project tmp has been created.
        [info] Added design 'AIPDDesign' of type Maxwell 3D.
        [info] Aedt Objects correctly read
        [info] Modeler class has been initialized! Elapsed time: 0m 0sec
        [info] Project tmp Saved correctly
        [info] Project AIPDProject Saved correctly
        [info] Project tmp has been created.
        [info] Added design 'AIPDDesign' of type Maxwell 3D.
        [info] Aedt Objects correctly read
        [info] Modeler class has been initialized! Elapsed time: 0m 0sec
        [info] Project tmp Saved correctly
        [info] Project AIPDProject Saved correctly
-- Message Window --
Stopping Batch Run: 5:06:38 PM  Jun 30, 2025
 
Ansys Electronics Desktop Version 2024.2.0, Build: 2024-05-23 02:23:50
Location: C:\Program Files\AnsysEM\v242\Win64\ansysedt.exe
Non Graphical Mode: No Project??
Starting Batch Run: 5:12:50 PM  Jun 30, 2025
Running as user : DESKTOP-L5CB36B\5600X2
Temp directory: C:\Users\5600X2\AppData\Local\Temp
Project directory: C:\Users\5600X2\Documents\Ansoft
-- Message Window --
      *Global - Messages
        [info] GRPC server running on port: 56462. 
        [info] Project tmp has been created.
        [info] Added design 'AIPDDesign' of type Maxwell 3D.
        [info] Aedt Objects correctly read
        [info] Modeler class has been initialized! Elapsed time: 0m 0sec
        [info] Project tmp Saved correctly
        [info] Project AIPDProject Saved correctly
-- Message Window --
Stopping Batch Run: 5:13:27 PM  Jun 30, 2025
 
Ansys Electronics Desktop Version 2024.2.0, Build: 2024-05-23 02:23:50
Location: C:\Program Files\AnsysEM\v242\Win64\ansysedt.exe
Non Graphical Mode: No Project??
Starting Batch Run: 5:13:36 PM  Jun 30, 2025
Running as user : DESKTOP-L5CB36B\5600X2
Temp directory: C:\Users\5600X2\AppData\Local\Temp
Project directory: C:\Users\5600X2\Documents\Ansoft
-- Message Window --
      *Global - Messages
        [info] GRPC server running on port: 56513. 
        [info] Project tmp has been created.
        [info] Added design 'AIPDDesign' of type Maxwell 3D.
        [info] Aedt Objects correctly read
        [info] Modeler class has been initialized! Elapsed time: 0m 0sec
        [info] Project tmp Saved correctly
        [info] Project AIPDProject Saved correctly
        [info] Project tmp has been created.
        [info] Added design 'AIPDDesign' of type Maxwell 3D.
        [info] Aedt Objects correctly read
        [info] Modeler class has been initialized! Elapsed time: 0m 0sec
        [info] Project tmp Saved correctly
        [info] Project AIPDProject Saved correctly
        [info] Project tmp has been created.
        [info] Added design 'AIPDDesign' of type Maxwell 3D.
        [info] Aedt Objects correctly read
        [info] Modeler class has been initialized! Elapsed time: 0m 0sec
        [info] Project tmp Saved correctly
        [info] Project AIPDProject Saved correctly
        [info] Project tmp has been created.
        [info] Added design 'AIPDDesign' of type Maxwell 3D.
        [info] Aedt Objects correctly read
        [info] Modeler class has been initialized! Elapsed time: 0m 0sec
        [info] Project tmp Saved correctly
        [info] Project AIPDProject Saved correctly
        [info] Project tmp has been created.
        [info] Added design 'AIPDDesign' of type Maxwell 3D.
        [info] Aedt Objects correctly read
        [info] Modeler class has been initialized! Elapsed time: 0m 0sec
        [info] Project tmp Saved correctly
        [info] Project AIPDProject Saved correctly
        [info] Project tmp has been created.
        [info] Added design 'AIPDDesign' of type Maxwell 3D.
        [info] Aedt Objects correctly read
        [info] Modeler class has been initialized! Elapsed time: 0m 0sec
        [info] Project tmp Saved correctly
        [info] Project AIPDProject Saved correctly
        [info] Project tmp has been created.
        [info] Added design 'AIPDDesign' of type Maxwell 3D.
        [info] Aedt Objects correctly read
        [info] Modeler class has been initialized! Elapsed time: 0m 0sec
        [info] Project tmp Saved correctly
        [info] Project AIPDProject Saved correctly
        [info] Project tmp has been created.
        [info] Added design 'xform_yDesign' of type Maxwell 3D.
        [info] Aedt Objects correctly read
        [info] Modeler class has been initialized! Elapsed time: 0m 0sec
        [info] Project tmp Saved correctly
        [info] Project xform_yProject Saved correctly
        [info] Project tmp has been created.
        [info] Added design 'AIPDDesign' of type Maxwell 3D.
        [info] Aedt Objects correctly read
        [info] Modeler class has been initialized! Elapsed time: 0m 0sec
        [info] Project tmp Saved correctly
        [info] Project AIPDProject Saved correctly
        [info] Project tmp has been created.
        [info] Added design 'PeetsFEAdevDesign' of type Maxwell 3D.
        [info] Aedt Objects correctly read
        [info] Modeler class has been initialized! Elapsed time: 0m 0sec
        [info] Project tmp Saved correctly
        [info] Project PeetsFEAdevProject Saved correctly
        [info] Project tmp has been created.
        [info] Added design 'PeetsFEAdev_Design' of type Maxwell 3D.
        [info] Aedt Objects correctly read
        [info] Modeler class has been initialized! Elapsed time: 0m 0sec
        [info] Project tmp Saved correctly
        [info] Project PeetsFEAdev_Project Saved correctly
        [info] Project tmp has been created.
        [info] Added design 'PeetsFEAdev_Design' of type Maxwell 3D.
        [info] Aedt Objects correctly read
        [info] Modeler class has been initialized! Elapsed time: 0m 0sec
        [info] Project tmp Saved correctly
        [info] Project PeetsFEAdev_Project Saved correctly
        [info] Project tmp has been created.
        [info] Added design 'AIPDDesign' of type Maxwell 3D.
        [info] Aedt Objects correctly read
        [info] Modeler class has been initialized! Elapsed time: 0m 0sec
        [info] Project tmp Saved correctly
        [info] Project AIPDProject Saved correctly
-- Message Window --
Stopping Batch Run: 1:02:03 PM  Jul 01, 2025
